Klop.v1/app/build/outputs/logs/manifest-merger-debug-report.txt
-- Merging decision tree log ---
manifest
ADDED from src\main\AndroidManifest.xml:2:1-150:12
	package
		ADDED from src\main\AndroidManifest.xml:4:5-37
		INJECTED from src\main\AndroidManifest.xml
		INJECTED from src\main\AndroidManifest.xml
	android:versionName
		INJECTED from src\main\AndroidManifest.xml
		INJECTED from src\main\AndroidManifest.xml
	xmlns:tools
		ADDED from src\main\AndroidManifest.xml:3:5-51
	xmlns:android
		ADDED from src\main\AndroidManifest.xml:2:11-69
	android:versionCode
		INJECTED from src\main\AndroidManifest.xml
		INJECTED from src\main\AndroidManifest.xml
uses-permission#android.permission.INTERNET
ADDED from src\main\AndroidManifest.xml:6:5-67
MERGED from [com.google.android.gms:play-services-ads-lite:11.4.0] AndroidManifest.xml:19:5-66
MERGED from [com.google.android.gms:play-services-analytics:11.4.0] AndroidManifest.xml:20:5-66
MERGED from [com.google.android.gms:play-services-appinvite:11.4.0] AndroidManifest.xml:18:5-66
MERGED from [com.google.firebase:firebase-crash:11.4.0] AndroidManifest.xml:18:5-66
MERGED from [com.google.android.gms:play-services-gcm:11.4.0] AndroidManifest.xml:21:5-66
MERGED from [com.google.android.gms:play-services-iid:11.4.0] AndroidManifest.xml:21:5-66
MERGED from [com.google.android.gms:play-services-tagmanager-api:11.4.0] AndroidManifest.xml:20:5-66
MERGED from [com.google.firebase:firebase-analytics:11.4.0] AndroidManifest.xml:20:5-66
MERGED from [com.google.firebase:firebase-analytics-impl:11.4.0] AndroidManifest.xml:20:5-66
MERGED from [com.google.firebase:firebase-iid:11.4.0] AndroidManifest.xml:20:5-66
MERGED from [com.google.android.gms:play-services-analytics-impl:11.4.0] AndroidManifest.xml:20:5-66
MERGED from [com.google.android.gms:play-services-maps:11.4.0] AndroidManifest.xml:20:5-66
	android:name
		ADDED from src\main\AndroidManifest.xml:6:22-64
uses-permission#android.permission.ACCESS_NETWORK_STATE
ADDED from src\main\AndroidManifest.xml:7:5-79
MERGED from [com.google.android.gms:play-services-ads-lite:11.4.0] AndroidManifest.xml:20:5-78
MERGED from [com.google.android.gms:play-services-analytics:11.4.0] AndroidManifest.xml:21:5-78
MERGED from [com.google.android.gms:play-services-nearby:11.4.0] AndroidManifest.xml:4:5-78
MERGED from [com.google.android.gms:play-services-tagmanager-api:11.4.0] AndroidManifest.xml:21:5-78
MERGED from [com.google.firebase:firebase-analytics:11.4.0] AndroidManifest.xml:21:5-78
MERGED from [com.google.firebase:firebase-analytics-impl:11.4.0] AndroidManifest.xml:21:5-78
MERGED from [com.google.firebase:firebase-iid:11.4.0] AndroidManifest.xml:19:5-78
MERGED from [com.google.android.gms:play-services-analytics-impl:11.4.0] AndroidManifest.xml:21:5-78
MERGED from [com.google.android.gms:play-services-maps:11.4.0] AndroidManifest.xml:19:5-78
	android:name
		ADDED from src\main\AndroidManifest.xml:7:22-76
uses-permission#android.permission.ACCESS_COARSE_LOCATION
ADDED from src\main\AndroidManifest.xml:8:5-81
	android:name
		ADDED from src\main\AndroidManifest.xml:8:22-78
uses-permission#com.google.android.providers.gsf.permission.READ_GSERVICES
ADDED from src\main\AndroidManifest.xml:9:5-98
	android:name
		ADDED from src\main\AndroidManifest.xml:9:22-95
uses-permission#android.permission.ACCESS_FINE_LOCATION
ADDED from src\main\AndroidManifest.xml:10:5-79
	android:name
		ADDED from src\main\AndroidManifest.xml:10:22-76
uses-permission#android.permission.READ_EXTERNAL_STORAGE
ADDED from src\main\AndroidManifest.xml:11:5-80
	android:name
		ADDED from src\main\AndroidManifest.xml:11:22-77
uses-permission#android.permission.WRITE_EXTERNAL_STORAGE
ADDED from src\main\AndroidManifest.xml:12:5-81
	android:name
		ADDED from src\main\AndroidManifest.xml:12:22-78
uses-permission#android.permission.CALL_PHONE
ADDED from src\main\AndroidManifest.xml:13:5-69
	android:name
		ADDED from src\main\AndroidManifest.xml:13:22-66
application
ADDED from src\main\AndroidManifest.xml:21:5-148:19
MERGED from [com.google.android.gms:play-services:11.4.0] AndroidManifest.xml:5:5-20
MERGED from [com.google.android.gms:play-services-ads-lite:11.4.0] AndroidManifest.xml:23:5-26:19
MERGED from [com.google.android.gms:play-services-analytics:11.4.0] AndroidManifest.xml:26:5-31:19
MERGED from [com.google.android.gms:play-services-appinvite:11.4.0] AndroidManifest.xml:19:5-26:19
MERGED from [com.google.android.gms:play-services-auth:11.4.0] AndroidManifest.xml:19:5-25:19
MERGED from [com.google.android.gms:play-services-cast-framework:11.4.0] AndroidManifest.xml:4:5-8:19
MERGED from [com.google.android.gms:play-services-cast:11.4.0] AndroidManifest.xml:18:5-19
MERGED from [com.android.support:mediarouter-v7:25.2.0] AndroidManifest.xml:22:5-20
MERGED from [com.android.support:palette-v7:25.2.0] AndroidManifest.xml:22:5-23:19
MERGED from [com.google.firebase:firebase-config:11.4.0] AndroidManifest.xml:18:5-19
MERGED from [com.google.android.gms:play-services-awareness:11.4.0] AndroidManifest.xml:18:5-19
MERGED from [com.google.firebase:firebase-crash:11.4.0] AndroidManifest.xml:22:5-23:19
MERGED from [com.google.android.gms:play-services-fido:11.4.0] AndroidManifest.xml:5:3-6:17
MERGED from [com.google.firebase:firebase-auth:11.4.0] AndroidManifest.xml:19:5-20:19
MERGED from [com.google.firebase:firebase-dynamic-links:11.4.0] AndroidManifest.xml:5:3-17
MERGED from [com.google.firebase:firebase-messaging:11.4.0] AndroidManifest.xml:19:5-29:19
MERGED from [com.google.android.gms:play-services-fitness:11.4.0] AndroidManifest.xml:18:5-19
MERGED from [com.google.android.gms:play-services-games:11.4.0] AndroidManifest.xml:18:5-19
MERGED from [com.google.android.gms:play-services-drive:11.4.0] AndroidManifest.xml:18:5-19
MERGED from [com.google.android.gms:play-services-gass:11.4.0] AndroidManifest.xml:4:5-19
MERGED from [com.google.android.gms:play-services-gcm:11.4.0] AndroidManifest.xml:23:5-19
MERGED from [com.google.firebase:firebase-appindexing:11.4.0] AndroidManifest.xml:18:5-19
MERGED from [com.google.android.gms:play-services-iid:11.4.0] AndroidManifest.xml:23:5-19
MERGED from [com.google.android.gms:play-services-location:11.4.0] AndroidManifest.xml:4:5-19
MERGED from [com.google.android.gms:play-services-nearby:11.4.0] AndroidManifest.xml:5:5-19
MERGED from [com.google.android.gms:play-services-panorama:11.4.0] AndroidManifest.xml:18:5-19
MERGED from [com.google.android.gms:play-services-places:11.4.0] AndroidManifest.xml:18:5-19
MERGED from [com.google.android.gms:play-services-plus:11.4.0] AndroidManifest.xml:18:5-19
MERGED from [com.google.android.gms:play-services-safetynet:11.4.0] AndroidManifest.xml:18:5-19
MERGED from [com.google.android.gms:play-services-tagmanager-api:11.4.0] AndroidManifest.xml:23:5-33:19
MERGED from [com.google.firebase:firebase-analytics:11.4.0] AndroidManifest.xml:24:5-34:19
MERGED from [com.google.firebase:firebase-analytics-impl:11.4.0] AndroidManifest.xml:24:5-28:19
MERGED from [com.google.firebase:firebase-iid:11.4.0] AndroidManifest.xml:28:5-49:19
MERGED from [com.google.firebase:firebase-common:11.4.0] AndroidManifest.xml:4:5-7:19
MERGED from [com.google.android.gms:play-services-tagmanager-v4-impl:11.4.0] AndroidManifest.xml:19:5-19
MERGED from [com.google.android.gms:play-services-analytics-impl:11.4.0] AndroidManifest.xml:26:5-19
MERGED from [com.google.android.gms:play-services-vision:11.4.0] AndroidManifest.xml:4:5-19
MERGED from [com.google.android.gms:play-services-vision-common:11.4.0] AndroidManifest.xml:4:5-19
MERGED from [com.google.android.gms:play-services-identity:11.4.0] AndroidManifest.xml:18:5-19
MERGED from [com.google.android.gms:play-services-maps:11.4.0] AndroidManifest.xml:24:5-19
MERGED from [com.google.android.gms:play-services-wearable:11.4.0] AndroidManifest.xml:18:5-19
MERGED from [com.google.android.gms:play-services-base:11.4.0] AndroidManifest.xml:18:5-20:19
MERGED from [com.google.android.gms:play-services-tasks:11.4.0] AndroidManifest.xml:4:5-19
MERGED from [com.google.android.gms:play-services-basement:11.4.0] AndroidManifest.xml:19:5-21:19
MERGED from [de.hdodenhof:circleimageview:1.3.0] AndroidManifest.xml:9:5-20
MERGED from [com.github.d-max:spots-dialog:0.7] AndroidManifest.xml:12:5-20
MERGED from [pub.devrel:easypermissions:0.2.1] AndroidManifest.xml:12:5-20
MERGED from [com.wdullaer:materialdatetimepicker:2.5.0] AndroidManifest.xml:28:5-20
MERGED from [com.miguelcatalan:materialsearchview:1.4.0] AndroidManifest.xml:11:5-20
MERGED from [com.android.support:design:25.3.1] AndroidManifest.xml:29:5-20
MERGED from [com.android.support:transition:25.3.1] AndroidManifest.xml:26:5-20
MERGED from [com.github.tuesda:CircleRefreshLayout:92a27db47d] AndroidManifest.xml:11:5-15:43
MERGED from [com.github.dimorinny:floating-text-button:0.0.2] AndroidManifest.xml:11:5-14:38
MERGED from [com.android.support:cardview-v7:25.3.1] AndroidManifest.xml:26:5-20
MERGED from [com.android.support.constraint:constraint-layout:1.0.2] AndroidManifest.xml:9:5-20
MERGED from [cn.pedant.sweetalert:library:1.3] AndroidManifest.xml:11:5-20
MERGED from [com.pnikosis:materialish-progress:1.0] AndroidManifest.xml:11:5-15:19
MERGED from [com.github.aakira:expandable-layout:1.4.1] AndroidManifest.xml:12:5-20
MERGED from [com.github.jd-alexander:LikeButton:0.2.3] AndroidManifest.xml:11:5-12:19
MERGED from [com.ernestoyaquello.stepperform:vertical-stepper-form:0.9.9] AndroidManifest.xml:11:5-15:19
MERGED from [com.cepheuen.elegant-number-button:lib:1.0.0] AndroidManifest.xml:11:5-17:19
MERGED from [com.github.mirrajabi:search-dialog:1.1] AndroidManifest.xml:11:5-15:19
MERGED from [com.android.support:appcompat-v7:25.3.1] AndroidManifest.xml:29:5-20
MERGED from [com.android.support:support-v4:25.4.0] AndroidManifest.xml:25:5-29:19
MERGED from [com.android.support:support-fragment:25.4.0] AndroidManifest.xml:25:5-29:19
MERGED from [com.android.support:support-media-compat:25.4.0] AndroidManifest.xml:25:5-29:19
MERGED from [com.android.support:support-core-utils:25.4.0] AndroidManifest.xml:25:5-29:19
MERGED from [com.android.support:animated-vector-drawable:25.3.1] AndroidManifest.xml:26:5-20
MERGED from [com.android.support:support-vector-drawable:25.3.1] AndroidManifest.xml:26:5-20
MERGED from [com.android.support:support-core-ui:25.4.0] AndroidManifest.xml:25:5-29:19
MERGED from [com.android.support:support-compat:25.4.0] AndroidManifest.xml:25:5-29:19
	android:label
		ADDED from src\main\AndroidManifest.xml:24:9-41
	android:supportsRtl
		ADDED from src\main\AndroidManifest.xml:25:9-35
	android:allowBackup
		ADDED from src\main\AndroidManifest.xml:22:9-35
	android:icon
		ADDED from src\main\AndroidManifest.xml:23:9-36
		REJECTED from [com.github.tuesda:CircleRefreshLayout:92a27db47d] AndroidManifest.xml:13:9-43
		REJECTED from [com.pnikosis:materialish-progress:1.0] AndroidManifest.xml:13:9-45
		REJECTED from [com.cepheuen.elegant-number-button:lib:1.0.0] AndroidManifest.xml:13:9-43
	android:theme
		ADDED from src\main\AndroidManifest.xml:26:9-40
		REJECTED from [com.github.tuesda:CircleRefreshLayout:92a27db47d] AndroidManifest.xml:15:9-40
		REJECTED from [com.cepheuen.elegant-number-button:lib:1.0.0] AndroidManifest.xml:16:9-40
	tools:replace
		ADDED from src\main\AndroidManifest.xml:27:9-51
activity#appdeveloper.klop.klop.Activity.TabbedMenu
ADDED from src\main\AndroidManifest.xml:29:9-38:20
	android:screenOrientation
		ADDED from src\main\AndroidManifest.xml:33:13-49
	android:label
		ADDED from src\main\AndroidManifest.xml:32:13-33
	android:theme
		ADDED from src\main\AndroidManifest.xml:31:13-53
	android:name
		ADDED from src\main\AndroidManifest.xml:30:13-48
intent-filter#android.intent.action.MAIN+android.intent.category.LAUNCHER
ADDED from src\main\AndroidManifest.xml:34:13-37:29
action#android.intent.action.MAIN
ADDED from src\main\AndroidManifest.xml:35:17-69
	android:name
		ADDED from src\main\AndroidManifest.xml:35:25-66
category#android.intent.category.LAUNCHER
ADDED from src\main\AndroidManifest.xml:36:17-77
	android:name
		ADDED from src\main\AndroidManifest.xml:36:27-74
provider#android.support.v4.content.FileProvider
ADDED from src\main\AndroidManifest.xml:49:9-57:20
	android:authorities
		ADDED from src\main\AndroidManifest.xml:51:13-60
		INJECTED from src\main\AndroidManifest.xml
	android:grantUriPermissions
		ADDED from src\main\AndroidManifest.xml:53:13-47
	android:exported
		ADDED from src\main\AndroidManifest.xml:52:13-37
	android:name
		ADDED from src\main\AndroidManifest.xml:50:13-67
meta-data#android.support.FILE_PROVIDER_PATHS
ADDED from src\main\AndroidManifest.xml:54:13-56:57
	android:resource
		ADDED from src\main\AndroidManifest.xml:56:17-55
	android:name
		ADDED from src\main\AndroidManifest.xml:55:17-67
activity#appdeveloper.klop.klop.Activity.Register
ADDED from src\main\AndroidManifest.xml:59:9-61:52
	android:screenOrientation
		ADDED from src\main\AndroidManifest.xml:61:13-49
	android:name
		ADDED from src\main\AndroidManifest.xml:60:13-46
activity#appdeveloper.klop.klop.Activity.Login
ADDED from src\main\AndroidManifest.xml:62:9-64:52
	android:screenOrientation
		ADDED from src\main\AndroidManifest.xml:64:13-49
	android:name
		ADDED from src\main\AndroidManifest.xml:63:13-43
activity#appdeveloper.klop.klop.Activity.AddStore
ADDED from src\main\AndroidManifest.xml:75:9-78:52
	android:screenOrientation
		ADDED from src\main\AndroidManifest.xml:78:13-49
	android:label
		ADDED from src\main\AndroidManifest.xml:77:13-48
	android:name
		ADDED from src\main\AndroidManifest.xml:76:13-46
activity#appdeveloper.klop.klop.Activity.ShowDetailStore
ADDED from src\main\AndroidManifest.xml:79:9-81:52
	android:screenOrientation
		ADDED from src\main\AndroidManifest.xml:81:13-49
	android:name
		ADDED from src\main\AndroidManifest.xml:80:13-53
activity#appdeveloper.klop.klop.Activity.AddStoreDetailInfo
ADDED from src\main\AndroidManifest.xml:82:9-84:52
	android:screenOrientation
		ADDED from src\main\AndroidManifest.xml:84:13-49
	android:name
		ADDED from src\main\AndroidManifest.xml:83:13-56
activity#appdeveloper.klop.klop.Activity.FilteredSearching
ADDED from src\main\AndroidManifest.xml:85:9-87:52
	android:screenOrientation
		ADDED from src\main\AndroidManifest.xml:87:13-49
	android:name
		ADDED from src\main\AndroidManifest.xml:86:13-55
activity#appdeveloper.klop.klop.Activity.SearchingResult
ADDED from src\main\AndroidManifest.xml:88:9-90:52
	android:screenOrientation
		ADDED from src\main\AndroidManifest.xml:90:13-49
	android:name
		ADDED from src\main\AndroidManifest.xml:89:13-53
meta-data#com.google.android.geo.API_KEY
ADDED from src\main\AndroidManifest.xml:100:9-102:55
	android:value
		ADDED from src\main\AndroidManifest.xml:102:13-52
	android:name
		ADDED from src\main\AndroidManifest.xml:101:13-58
activity#appdeveloper.klop.klop.Activity.FullScreenPhoto
ADDED from src\main\AndroidManifest.xml:108:9-110:52
	android:screenOrientation
		ADDED from src\main\AndroidManifest.xml:110:13-49
	android:name
		ADDED from src\main\AndroidManifest.xml:109:13-53
activity#appdeveloper.klop.klop.Activity.ShowDirection
ADDED from src\main\AndroidManifest.xml:111:9-113:52
	android:screenOrientation
		ADDED from src\main\AndroidManifest.xml:113:13-49
	android:name
		ADDED from src\main\AndroidManifest.xml:112:13-51
activity#appdeveloper.klop.klop.Activity.AddReviewRate
ADDED from src\main\AndroidManifest.xml:114:9-116:52
	android:screenOrientation
		ADDED from src\main\AndroidManifest.xml:116:13-49
	android:name
		ADDED from src\main\AndroidManifest.xml:115:13-51
activity#appdeveloper.klop.klop.Activity.PickSchedule
ADDED from src\main\AndroidManifest.xml:117:9-119:52
	android:screenOrientation
		ADDED from src\main\AndroidManifest.xml:119:13-49
	android:name
		ADDED from src\main\AndroidManifest.xml:118:13-50
activity#appdeveloper.klop.klop.Activity.CreateMyBooking
ADDED from src\main\AndroidManifest.xml:120:9-122:52
	android:screenOrientation
		ADDED from src\main\AndroidManifest.xml:122:13-49
	android:name
		ADDED from src\main\AndroidManifest.xml:121:13-53
activity#appdeveloper.klop.klop.Activity.MyStore
ADDED from src\main\AndroidManifest.xml:123:9-125:52
	android:screenOrientation
		ADDED from src\main\AndroidManifest.xml:125:13-49
	android:name
		ADDED from src\main\AndroidManifest.xml:124:13-45
activity#appdeveloper.klop.klop.Activity.DetailBookedItem
ADDED from src\main\AndroidManifest.xml:126:9-128:52
	android:screenOrientation
		ADDED from src\main\AndroidManifest.xml:128:13-49
	android:name
		ADDED from src\main\AndroidManifest.xml:127:13-54
activity#appdeveloper.klop.klop.Activity.ReservationRequest
ADDED from src\main\AndroidManifest.xml:129:9-131:52
	android:screenOrientation
		ADDED from src\main\AndroidManifest.xml:131:13-49
	android:name
		ADDED from src\main\AndroidManifest.xml:130:13-56
activity#appdeveloper.klop.klop.Activity.DetailReservationItem
ADDED from src\main\AndroidManifest.xml:132:9-134:52
	android:screenOrientation
		ADDED from src\main\AndroidManifest.xml:134:13-49
	android:name
		ADDED from src\main\AndroidManifest.xml:133:13-59
activity#appdeveloper.klop.klop.Activity.StoreInMap
ADDED from src\main\AndroidManifest.xml:135:9-57
	android:name
		ADDED from src\main\AndroidManifest.xml:135:19-54
activity#appdeveloper.klop.klop.Activity.StoreSettings
ADDED from src\main\AndroidManifest.xml:136:9-60
	android:name
		ADDED from src\main\AndroidManifest.xml:136:19-57
activity#appdeveloper.klop.klop.Activity.UbahInformasiUmum
ADDED from src\main\AndroidManifest.xml:137:9-64
	android:name
		ADDED from src\main\AndroidManifest.xml:137:19-61
activity#appdeveloper.klop.klop.Activity.Report
ADDED from src\main\AndroidManifest.xml:138:9-53
	android:name
		ADDED from src\main\AndroidManifest.xml:138:19-50
activity#appdeveloper.klop.klop.Activity.ManageCategory
ADDED from src\main\AndroidManifest.xml:139:9-61
	android:name
		ADDED from src\main\AndroidManifest.xml:139:19-58
activity#appdeveloper.klop.klop.Activity.ManageFacility
ADDED from src\main\AndroidManifest.xml:140:9-61
	android:name
		ADDED from src\main\AndroidManifest.xml:140:19-58
activity#appdeveloper.klop.klop.Activity.ManageTreatment
ADDED from src\main\AndroidManifest.xml:141:9-62
	android:name
		ADDED from src\main\AndroidManifest.xml:141:19-59
activity#appdeveloper.klop.klop.Activity.ManagePhoto
ADDED from src\main\AndroidManifest.xml:142:9-58
	android:name
		ADDED from src\main\AndroidManifest.xml:142:19-55
activity#appdeveloper.klop.klop.Activity.FullScreenMngPhoto
ADDED from src\main\AndroidManifest.xml:143:9-65
	android:name
		ADDED from src\main\AndroidManifest.xml:143:19-62
activity#appdeveloper.klop.klop.Activity.ManageNews
ADDED from src\main\AndroidManifest.xml:144:9-57
	android:name
		ADDED from src\main\AndroidManifest.xml:144:19-54
activity#appdeveloper.klop.klop.Activity.ManageSchedule
ADDED from src\main\AndroidManifest.xml:145:9-61
	android:name
		ADDED from src\main\AndroidManifest.xml:145:19-58
activity#appdeveloper.klop.klop.Activity.DetailReportReservasi
ADDED from src\main\AndroidManifest.xml:146:9-68
	android:name
		ADDED from src\main\AndroidManifest.xml:146:19-65
activity#appdeveloper.klop.klop.Activity.DetailReportRating
ADDED from src\main\AndroidManifest.xml:147:9-74
	android:name
		ADDED from src\main\AndroidManifest.xml:147:19-62
uses-sdk
INJECTED from src\main\AndroidManifest.xml reason: use-sdk injection requested
MERGED from [com.google.android.gms:play-services:11.4.0] AndroidManifest.xml:4:5-43
MERGED from [com.google.android.gms:play-services-ads:11.4.0] AndroidManifest.xml:17:5-94
MERGED from [com.google.android.gms:play-services-ads-lite:11.4.0] AndroidManifest.xml:22:5-43
MERGED from [com.google.android.gms:play-services-analytics:11.4.0] AndroidManifest.xml:17:5-43
MERGED from [com.google.android.gms:play-services-appinvite:11.4.0] AndroidManifest.xml:17:5-43
MERGED from [com.google.android.gms:play-services-auth:11.4.0] AndroidManifest.xml:17:5-43
MERGED from [com.google.android.gms:play-services-auth-api-phone:11.4.0] AndroidManifest.xml:3:3-41
MERGED from [com.google.android.gms:play-services-auth-base:11.4.0] AndroidManifest.xml:4:5-43
MERGED from [com.google.android.gms:play-services-cast-framework:11.4.0] AndroidManifest.xml:3:5-43
MERGED from [com.google.android.gms:play-services-cast:11.4.0] AndroidManifest.xml:17:5-43
MERGED from [com.android.support:mediarouter-v7:25.2.0] AndroidManifest.xml:20:5-43
MERGED from [com.android.support:palette-v7:25.2.0] AndroidManifest.xml:20:5-43
MERGED from [com.google.firebase:firebase-config:11.4.0] AndroidManifest.xml:17:5-43
MERGED from [com.google.android.gms:play-services-awareness:11.4.0] AndroidManifest.xml:17:5-43
MERGED from [com.google.firebase:firebase-crash:11.4.0] AndroidManifest.xml:20:5-43
MERGED from [com.google.android.gms:play-services-fido:11.4.0] AndroidManifest.xml:4:3-41
MERGED from [com.google.firebase:firebase-auth:11.4.0] AndroidManifest.xml:17:5-43
MERGED from [com.google.firebase:firebase-database:11.4.0] AndroidManifest.xml:3:5-43
MERGED from [com.google.firebase:firebase-database-connection:11.4.0] AndroidManifest.xml:3:5-43
MERGED from [com.google.firebase:firebase-dynamic-links:11.4.0] AndroidManifest.xml:3:3-41
MERGED from [com.google.firebase:firebase-messaging:11.4.0] AndroidManifest.xml:17:5-43
MERGED from [com.google.firebase:firebase-storage:11.4.0] AndroidManifest.xml:3:5-43
MERGED from [com.google.firebase:firebase-storage-common:11.4.0] AndroidManifest.xml:3:5-43
MERGED from [com.google.android.gms:play-services-fitness:11.4.0] AndroidManifest.xml:17:5-43
MERGED from [com.google.android.gms:play-services-games:11.4.0] AndroidManifest.xml:17:5-43
MERGED from [com.google.android.gms:play-services-drive:11.4.0] AndroidManifest.xml:17:5-43
MERGED from [com.google.android.gms:play-services-gass:11.4.0] AndroidManifest.xml:3:5-43
MERGED from [com.google.android.gms:play-services-gcm:11.4.0] AndroidManifest.xml:17:5-43
MERGED from [com.google.firebase:firebase-appindexing:11.4.0] AndroidManifest.xml:17:5-43
MERGED from [com.google.android.gms:play-services-iid:11.4.0] AndroidManifest.xml:17:5-43
MERGED from [com.google.android.gms:play-services-instantapps:11.4.0] AndroidManifest.xml:3:5-43
MERGED from [com.google.android.gms:play-services-location:11.4.0] AndroidManifest.xml:3:5-43
MERGED from [com.google.android.gms:play-services-nearby:11.4.0] AndroidManifest.xml:3:5-43
MERGED from [com.google.android.gms:play-services-panorama:11.4.0] AndroidManifest.xml:17:5-43
MERGED from [com.google.android.gms:play-services-places:11.4.0] AndroidManifest.xml:17:5-43
MERGED from [com.google.android.gms:play-services-plus:11.4.0] AndroidManifest.xml:17:5-43
MERGED from [com.google.android.gms:play-services-safetynet:11.4.0] AndroidManifest.xml:17:5-43
MERGED from [com.google.android.gms:play-services-tagmanager:11.4.0] AndroidManifest.xml:17:5-43
MERGED from [com.google.android.gms:play-services-tagmanager-api:11.4.0] AndroidManifest.xml:17:5-43
MERGED from [com.google.firebase:firebase-analytics:11.4.0] AndroidManifest.xml:17:5-43
MERGED from [com.google.firebase:firebase-analytics-impl:11.4.0] AndroidManifest.xml:17:5-43
MERGED from [com.google.firebase:firebase-iid:11.4.0] AndroidManifest.xml:17:5-43
MERGED from [com.google.firebase:firebase-common:11.4.0] AndroidManifest.xml:3:5-43
MERGED from [com.google.android.gms:play-services-tagmanager-v4-impl:11.4.0] AndroidManifest.xml:17:5-43
MERGED from [com.google.android.gms:play-services-analytics-impl:11.4.0] AndroidManifest.xml:17:5-43
MERGED from [com.google.android.gms:play-services-vision:11.4.0] AndroidManifest.xml:3:5-43
MERGED from [com.google.android.gms:play-services-vision-common:11.4.0] AndroidManifest.xml:3:5-43
MERGED from [com.google.android.gms:play-services-wallet:11.4.0] AndroidManifest.xml:18:5-43
MERGED from [com.google.android.gms:play-services-identity:11.4.0] AndroidManifest.xml:17:5-43
MERGED from [com.google.android.gms:play-services-maps:11.4.0] AndroidManifest.xml:23:5-43
MERGED from [com.google.android.gms:play-services-wearable:11.4.0] AndroidManifest.xml:17:5-43
MERGED from [com.google.android.gms:play-services-base:11.4.0] AndroidManifest.xml:17:5-43
MERGED from [com.google.android.gms:play-services-tasks:11.4.0] AndroidManifest.xml:3:5-43
MERGED from [com.google.android.gms:play-services-basement:11.4.0] AndroidManifest.xml:17:5-43
MERGED from [com.joooonho:selectableroundedimageview:1.0.1] AndroidManifest.xml:7:5-9:41
MERGED from [de.hdodenhof:circleimageview:1.3.0] AndroidManifest.xml:5:5-7:41
MERGED from [com.rengwuxian.materialedittext:library:2.1.4] AndroidManifest.xml:6:5-8:41
MERGED from [com.wang.avi:library:1.0.5] AndroidManifest.xml:7:5-9:41
MERGED from [com.github.d-max:spots-dialog:0.7] AndroidManifest.xml:8:5-10:41
MERGED from [pub.devrel:easypermissions:0.2.1] AndroidManifest.xml:8:5-10:41
MERGED from [com.wdullaer:materialdatetimepicker:2.5.0] AndroidManifest.xml:22:5-24:41
MERGED from [com.miguelcatalan:materialsearchview:1.4.0] AndroidManifest.xml:7:5-9:41
MERGED from [com.android.support:design:25.3.1] AndroidManifest.xml:21:5-23:62
MERGED from [com.android.support:transition:25.3.1] AndroidManifest.xml:20:5-44
MERGED from [com.github.recruit-lifestyle:WaveSwipeRefreshLayout:1.6] AndroidManifest.xml:8:5-10:41
MERGED from [com.github.tuesda:CircleRefreshLayout:92a27db47d] AndroidManifest.xml:7:5-9:41
MERGED from [com.github.dimorinny:floating-text-button:0.0.2] AndroidManifest.xml:7:5-9:41
MERGED from [com.android.support:cardview-v7:25.3.1] AndroidManifest.xml:20:5-43
MERGED from [com.yahoo.mobile.client.android.util.rangeseekbar:rangeseekbar-library:0.1.0] AndroidManifest.xml:7:5-9:41
MERGED from [com.android.support.constraint:constraint-layout:1.0.2] AndroidManifest.xml:5:5-7:41
MERGED from [cn.pedant.sweetalert:library:1.3] AndroidManifest.xml:7:5-9:41
MERGED from [com.pnikosis:materialish-progress:1.0] AndroidManifest.xml:7:5-9:41
MERGED from [com.github.aakira:expandable-layout:1.4.1] AndroidManifest.xml:8:5-10:41
MERGED from [com.github.jd-alexander:LikeButton:0.2.3] AndroidManifest.xml:7:5-9:41
MERGED from [com.ernestoyaquello.stepperform:vertical-stepper-form:0.9.9] AndroidManifest.xml:7:5-9:41
MERGED from [com.github.travijuu:numberpicker:1.0.7] AndroidManifest.xml:6:5-8:41
MERGED from [com.cepheuen.elegant-number-button:lib:1.0.0] AndroidManifest.xml:7:5-9:41
MERGED from [com.github.mirrajabi:search-dialog:1.1] AndroidManifest.xml:7:5-9:41
MERGED from [com.android.support:appcompat-v7:25.3.1] AndroidManifest.xml:21:5-23:78
MERGED from [com.android.support:support-v4:25.4.0] AndroidManifest.xml:21:5-23:54
MERGED from [com.android.support:support-fragment:25.4.0] AndroidManifest.xml:21:5-23:60
MERGED from [com.android.support:support-media-compat:25.4.0] AndroidManifest.xml:21:5-23:63
MERGED from [com.android.support:support-core-utils:25.4.0] AndroidManifest.xml:21:5-23:61
MERGED from [com.android.support:animated-vector-drawable:25.3.1] AndroidManifest.xml:20:5-44
MERGED from [com.android.support:support-vector-drawable:25.3.1] AndroidManifest.xml:20:5-43
MERGED from [com.android.support:recyclerview-v7:25.3.1] AndroidManifest.xml:20:5-43
MERGED from [com.android.support:support-core-ui:25.4.0] AndroidManifest.xml:21:5-23:58
MERGED from [com.android.support:support-compat:25.4.0] AndroidManifest.xml:21:5-23:58
MERGED from [com.github.GrenderG:Toasty:1.3.0] AndroidManifest.xml:7:5-9:41
MERGED from [com.vipulasri:ticketview:1.0.5] AndroidManifest.xml:7:5-9:41
	tools:overrideLibrary
		ADDED from [com.google.android.gms:play-services-ads:11.4.0] AndroidManifest.xml:17:42-92
	android:targetSdkVersion
		INJECTED from src\main\AndroidManifest.xml
		INJECTED from src\main\AndroidManifest.xml
	android:minSdkVersion
		INJECTED from src\main\AndroidManifest.xml
		INJECTED from src\main\AndroidManifest.xml
activity#com.google.android.gms.ads.AdActivity
ADDED from [com.google.android.gms:play-services-ads-lite:11.4.0] AndroidManifest.xml:25:9-257
	android:exported
		ADDED from [com.google.android.gms:play-services-ads-lite:11.4.0] AndroidManifest.xml:25:231-255
	android:configChanges
		ADDED from [com.google.android.gms:play-services-ads-lite:11.4.0] AndroidManifest.xml:25:72-181
	android:theme
		ADDED from [com.google.android.gms:play-services-ads-lite:11.4.0] AndroidManifest.xml:25:182-230
	android:name
		ADDED from [com.google.android.gms:play-services-ads-lite:11.4.0] AndroidManifest.xml:25:19-71
uses-permission#android.permission.WAKE_LOCK
ADDED from [com.google.android.gms:play-services-analytics:11.4.0] AndroidManifest.xml:24:5-67
MERGED from [com.google.firebase:firebase-analytics:11.4.0] AndroidManifest.xml:22:5-67
MERGED from [com.google.firebase:firebase-analytics-impl:11.4.0] AndroidManifest.xml:22:5-67
MERGED from [com.google.firebase:firebase-iid:11.4.0] AndroidManifest.xml:21:5-67
MERGED from [com.google.android.gms:play-services-analytics-impl:11.4.0] AndroidManifest.xml:24:5-67
	android:name
		ADDED from [com.google.android.gms:play-services-analytics:11.4.0] AndroidManifest.xml:24:22-65
receiver#com.google.android.gms.analytics.AnalyticsReceiver
ADDED from [com.google.android.gms:play-services-analytics:11.4.0] AndroidManifest.xml:27:9-28:20
	android:enabled
		ADDED from [com.google.android.gms:play-services-analytics:11.4.0] AndroidManifest.xml:27:85-107
	android:exported
		ADDED from [com.google.android.gms:play-services-analytics:11.4.0] AndroidManifest.xml:27:108-132
	android:name
		ADDED from [com.google.android.gms:play-services-analytics:11.4.0] AndroidManifest.xml:27:19-84
service#com.google.android.gms.analytics.AnalyticsService
ADDED from [com.google.android.gms:play-services-analytics:11.4.0] AndroidManifest.xml:29:9-132
	android:enabled
		ADDED from [com.google.android.gms:play-services-analytics:11.4.0] AndroidManifest.xml:29:83-105
	android:exported
		ADDED from [com.google.android.gms:play-services-analytics:11.4.0] AndroidManifest.xml:29:106-130
	android:name
		ADDED from [com.google.android.gms:play-services-analytics:11.4.0] AndroidManifest.xml:29:18-82